<?xml version="1.0" encoding="UTF-8"?>
<!-- Generated by org.testng.reporters.JUnitXMLReporter -->
<testsuite ignored="0" hostname="DESKTOP-9NIH3SE" failures="0" tests="5" name="Default test" time="60.66" errors="0" timestamp="2024-07-10T14:32:45 IST">
  <testcase classname="contactsTests.CreateNewContactsWithMultiplePrifixAndLeadSourceTest" name="createMultiplePrifixAndLeadSourceOnly" time="7.567"/>
  <testcase classname="contactsTests.CreateNewContactsWithMultiplePrifixAndLeadSourceTest" name="createMultiplePrifixAndLeadSourceOnly" time="7.316"/>
  <testcase classname="contactsTests.CreateNewContactsWithMultiplePrifixAndLeadSourceTest" name="createMultiplePrifixAndLeadSourceOnly" time="7.553"/>
  <testcase classname="contactsTests.CreateNewContactsWithMultiplePrifixAndLeadSourceTest" name="createMultiplePrifixAndLeadSourceOnly" time="7.603"/>
  <testcase classname="contactsTests.CreateNewContactsWithMultiplePrifixAndLeadSourceTest" name="createMultiplePrifixAndLeadSourceOnly" time="6.721"/>
</testsuite> <!-- Default test -->
