<?xml version="1.0" encoding="UTF-8"?>
<!-- Generated by org.testng.reporters.JUnitXMLReporter -->
<testsuite ignored="6" hostname="DESKTOP-9NIH3SE" failures="0" tests="4" name="Test" time="59.724" errors="0" timestamp="2024-07-09T15:28:18 IST">
  <testcase classname="contactsTests.CreateNewContactsWithChildWindows" name="createNewContactWithChildWindowsOnly" time="13.263"/>
  <testcase classname="contactsTests.CreateNewContactsWithNumberField" name="createNewContactsWithNumberFieldsOnly" time="7.176"/>
  <testcase classname="contactsTests.CreateNewContactsWithStringsField" name="createNewContactsWithStringsFieldsOnly" time="7.658"/>
  <testcase classname="contactsTests.CreateNewContactsWithDropDowns" name="createNewContactWithDropDownsOnly" time="7.35"/>
  <testcase classname="genericUtilities.BaseClass" name="@BeforeSuite beforeSuiteConfiguration" time="0.0">
    <ignored/>
  </testcase> <!-- @BeforeSuite beforeSuiteConfiguration -->
  <testcase classname="genericUtilities.BaseClass" name="@BeforeSuite beforeSuiteConfiguration" time="0.0">
    <ignored/>
  </testcase> <!-- @BeforeSuite beforeSuiteConfiguration -->
  <testcase classname="genericUtilities.BaseClass" name="@AfterSuite afterSuiteConfiguration" time="0.0">
    <ignored/>
  </testcase> <!-- @AfterSuite afterSuiteConfiguration -->
  <testcase classname="genericUtilities.BaseClass" name="@BeforeSuite beforeSuiteConfiguration" time="0.0">
    <ignored/>
  </testcase> <!-- @BeforeSuite beforeSuiteConfiguration -->
  <testcase classname="genericUtilities.BaseClass" name="@AfterSuite afterSuiteConfiguration" time="0.0">
    <ignored/>
  </testcase> <!-- @AfterSuite afterSuiteConfiguration -->
  <testcase classname="genericUtilities.BaseClass" name="@AfterSuite afterSuiteConfiguration" time="0.0">
    <ignored/>
  </testcase> <!-- @AfterSuite afterSuiteConfiguration -->
</testsuite> <!-- Test -->
